<?xml version="1.0" encoding="UTF-8"?>
<!-- Generated by org.testng.reporters.JUnitReportReporter -->
<testsuite hostname="DESKTOP-3SG0SO3" failures="0" tests="1" name="com.testng.org.Parameterized_Concept" time="54.751" errors="0" timestamp="2021-11-23T08:29:15 IST" skipped="0">
  <testcase classname="com.testng.org.Parameterized_Concept" name="login_Credentials" time="54.751"/>
  <system-out/>
</testsuite> <!-- com.testng.org.Parameterized_Concept -->
