<?xml version="1.0" encoding="UTF-8"?>
<!-- Generated by org.testng.reporters.JUnitReportReporter -->
<testsuite hostname="DESKTOP-3SG0SO3" failures="0" tests="2" name="Testng_Sample.TestNG.Parallel" time="35.744" errors="0" timestamp="2021-11-19T10:38:25 IST" skipped="0">
  <testcase classname="Testng_Sample.TestNG.Parallel" name="flipkart" time="18.422"/>
  <system-out/>
  <testcase classname="Testng_Sample.TestNG.Parallel" name="browser" time="17.322"/>
  <system-out/>
</testsuite> <!-- Testng_Sample.TestNG.Parallel -->
