<?xml version="1.0" encoding="UTF-8"?>
<!-- Generated by org.testng.reporters.JUnitReportReporter -->
<testsuite hostname="DESKTOP-3SG0SO3" failures="0" tests="13" name="com.testng.org.Simple_Annotation" time="228.110" errors="0" timestamp="2021-11-24T10:53:47 IST" skipped="0">
  <testcase classname="com.testng.org.Simple_Annotation" name="earPhones" time="19.668"/>
  <system-out/>
  <testcase classname="com.testng.org.Simple_Annotation" name="earPhones" time="14.767"/>
  <system-out/>
  <testcase classname="com.testng.org.Simple_Annotation" name="headPhones" time="15.158"/>
  <system-out/>
  <testcase classname="com.testng.org.Simple_Annotation" name="searchFunction" time="17.566"/>
  <system-out/>
  <testcase classname="com.testng.org.Simple_Annotation" name="earPhones" time="17.574"/>
  <system-out/>
  <testcase classname="com.testng.org.Simple_Annotation" name="earPhones" time="20.113"/>
  <system-out/>
  <testcase classname="com.testng.org.Simple_Annotation" name="earPhones" time="14.664"/>
  <system-out/>
  <testcase classname="com.testng.org.Simple_Annotation" name="earPhones" time="27.491"/>
  <system-out/>
  <testcase classname="com.testng.org.Simple_Annotation" name="earPhones" time="13.365"/>
  <system-out/>
  <testcase classname="com.testng.org.Simple_Annotation" name="earPhones" time="16.042"/>
  <system-out/>
  <testcase classname="com.testng.org.Simple_Annotation" name="earPhones" time="17.964"/>
  <system-out/>
  <testcase classname="com.testng.org.Simple_Annotation" name="Laptop" time="19.891"/>
  <system-out/>
  <testcase classname="com.testng.org.Simple_Annotation" name="earPhones" time="13.847"/>
  <system-out/>
</testsuite> <!-- com.testng.org.Simple_Annotation -->
