<?xml version="1.0" encoding="UTF-8"?>
<!-- Generated by org.testng.reporters.JUnitReportReporter -->
<testsuite hostname="DESKTOP-3SG0SO3" failures="0" tests="3" name="Testng_Sample.TestNG.Grouping" time="0.033" errors="0" timestamp="2021-11-18T15:56:37 IST" skipped="0">
  <testcase classname="Testng_Sample.TestNG.Grouping" name="amazon" time="0.006"/>
  <system-out/>
  <testcase classname="Testng_Sample.TestNG.Grouping" name="ajio" time="0.020"/>
  <system-out/>
  <testcase classname="Testng_Sample.TestNG.Grouping" name="flipCart" time="0.007"/>
  <system-out/>
</testsuite> <!-- Testng_Sample.TestNG.Grouping -->
