<?xml version="1.0" encoding="UTF-8"?>
<!-- Generated by org.testng.reporters.JUnitReportReporter -->
<testsuite hostname="DESKTOP-3SG0SO3" failures="0" tests="3" name="com.testng.org.Data_Provider" time="53.465" errors="0" timestamp="2021-11-23T08:40:54 IST" skipped="0">
  <testcase classname="com.testng.org.Data_Provider" name="facebook_Login" time="23.546"/>
  <system-out/>
  <testcase classname="com.testng.org.Data_Provider" name="facebook_Login" time="13.919"/>
  <system-out/>
  <testcase classname="com.testng.org.Data_Provider" name="facebook_Login" time="16.000"/>
  <system-out/>
</testsuite> <!-- com.testng.org.Data_Provider -->
