<?xml version="1.0" encoding="UTF-8"?>
<!-- Generated by org.testng.reporters.JUnitReportReporter -->
<testsuite hostname="DESKTOP-3SG0SO3" failures="0" tests="2" name="Testng_Sample.TestNG.Demo" time="0.032" errors="0" timestamp="2021-11-20T20:43:11 IST" skipped="0">
  <testcase classname="Testng_Sample.TestNG.Demo" name="mobile" time="0.014"/>
  <system-out/>
  <testcase classname="Testng_Sample.TestNG.Demo" name="laptop" time="0.018"/>
  <system-out/>
</testsuite> <!-- Testng_Sample.TestNG.Demo -->
